CRITICAL - 2022-03-09 11:44:01 --> syntax error, unexpected '}', expecting end of file
#0 C:\AppServ\www\codeigniter4\system\Autoloader\Autoloader.php(241): CodeIgniter\Autoloader\Autoloader->includeFile('C:\\AppServ\\www\\...')
#1 C:\AppServ\www\codeigniter4\system\Autoloader\Autoloader.php(219): CodeIgniter\Autoloader\Autoloader->loadInNamespace('App\\Controllers...')
#2 [internal function]: CodeIgniter\Autoloader\Autoloader->loadClass('App\\Controllers...')
#3 [internal function]: spl_autoload_call('App\\Controllers...')
#4 C:\AppServ\www\codeigniter4\system\CodeIgniter.php(797): class_exists('\\App\\Controller...', true)
#5 C:\AppServ\www\codeigniter4\system\CodeIgniter.php(406): CodeIgniter\CodeIgniter->startController()
#6 C:\AppServ\www\codeigniter4\system\CodeIgniter.php(326): CodeIgniter\CodeIgniter->handleRequest(NULL, Object(Config\Cache), false)
#7 C:\AppServ\www\codeigniter4\public\index.php(37): CodeIgniter\CodeIgniter->run()
#8 C:\AppServ\www\codeigniter4\system\Commands\Server\rewrite.php(43): require_once('C:\\AppServ\\www\\...')
#9 {main}
CRITICAL - 2022-03-09 12:50:49 --> Undefined variable: title
#0 C:\AppServ\www\codeigniter4\app\Views\templates\header.php(9): CodeIgniter\Debug\Exceptions->errorHandler(8, 'Undefined varia...', 'C:\\AppServ\\www\\...', 9, Array)
#1 C:\AppServ\www\codeigniter4\system\View\View.php(210): include('C:\\AppServ\\www\\...')
#2 C:\AppServ\www\codeigniter4\system\View\View.php(213): CodeIgniter\View\View->CodeIgniter\View\{closure}()
#3 C:\AppServ\www\codeigniter4\system\Common.php(1089): CodeIgniter\View\View->render('templates/heade...', Array, true)
#4 C:\AppServ\www\codeigniter4\app\Controllers\pages.php(28): view('templates/heade...')
#5 C:\AppServ\www\codeigniter4\system\CodeIgniter.php(832): App\Controllers\Pages->view('pages', 'view')
#6 C:\AppServ\www\codeigniter4\system\CodeIgniter.php(419): CodeIgniter\CodeIgniter->runController(Object(App\Controllers\Pages))
#7 C:\AppServ\www\codeigniter4\system\CodeIgniter.php(326): CodeIgniter\CodeIgniter->handleRequest(NULL, Object(Config\Cache), false)
#8 C:\AppServ\www\codeigniter4\public\index.php(37): CodeIgniter\CodeIgniter->run()
#9 C:\AppServ\www\codeigniter4\system\Commands\Server\rewrite.php(43): require_once('C:\\AppServ\\www\\...')
#10 {main}
CRITICAL - 2022-03-09 12:51:24 --> Invalid file: pages/pages.php
#0 C:\AppServ\www\codeigniter4\system\View\View.php(198): CodeIgniter\Exceptions\FrameworkException::forInvalidFile('pages/pages.php')
#1 C:\AppServ\www\codeigniter4\system\Common.php(1089): CodeIgniter\View\View->render('pages/pages', Array, true)
#2 C:\AppServ\www\codeigniter4\app\Controllers\pages.php(29): view('pages/pages')
#3 C:\AppServ\www\codeigniter4\system\CodeIgniter.php(832): App\Controllers\Pages->view('pages', 'view')
#4 C:\AppServ\www\codeigniter4\system\CodeIgniter.php(419): CodeIgniter\CodeIgniter->runController(Object(App\Controllers\Pages))
#5 C:\AppServ\www\codeigniter4\system\CodeIgniter.php(326): CodeIgniter\CodeIgniter->handleRequest(NULL, Object(Config\Cache), false)
#6 C:\AppServ\www\codeigniter4\public\index.php(37): CodeIgniter\CodeIgniter->run()
#7 C:\AppServ\www\codeigniter4\system\Commands\Server\rewrite.php(43): require_once('C:\\AppServ\\www\\...')
#8 {main}
CRITICAL - 2022-03-09 12:52:57 --> Undefined variable: title
#0 C:\AppServ\www\codeigniter4\app\Views\templates\header.php(9): CodeIgniter\Debug\Exceptions->errorHandler(8, 'Undefined varia...', 'C:\\AppServ\\www\\...', 9, Array)
#1 C:\AppServ\www\codeigniter4\system\View\View.php(210): include('C:\\AppServ\\www\\...')
#2 C:\AppServ\www\codeigniter4\system\View\View.php(213): CodeIgniter\View\View->CodeIgniter\View\{closure}()
#3 C:\AppServ\www\codeigniter4\system\Common.php(1089): CodeIgniter\View\View->render('templates/heade...', Array, true)
#4 C:\AppServ\www\codeigniter4\app\Controllers\pages.php(28): view('templates/heade...')
#5 C:\AppServ\www\codeigniter4\system\CodeIgniter.php(832): App\Controllers\Pages->view('pages', 'view')
#6 C:\AppServ\www\codeigniter4\system\CodeIgniter.php(419): CodeIgniter\CodeIgniter->runController(Object(App\Controllers\Pages))
#7 C:\AppServ\www\codeigniter4\system\CodeIgniter.php(326): CodeIgniter\CodeIgniter->handleRequest(NULL, Object(Config\Cache), false)
#8 C:\AppServ\www\codeigniter4\public\index.php(37): CodeIgniter\CodeIgniter->run()
#9 C:\AppServ\www\codeigniter4\system\Commands\Server\rewrite.php(43): require_once('C:\\AppServ\\www\\...')
#10 {main}
CRITICAL - 2022-03-09 12:53:59 --> Invalid file: pages/pages.php
#0 C:\AppServ\www\codeigniter4\system\View\View.php(198): CodeIgniter\Exceptions\FrameworkException::forInvalidFile('pages/pages.php')
#1 C:\AppServ\www\codeigniter4\system\Common.php(1089): CodeIgniter\View\View->render('pages/pages', Array, true)
#2 C:\AppServ\www\codeigniter4\app\Controllers\pages.php(29): view('pages/pages')
#3 C:\AppServ\www\codeigniter4\system\CodeIgniter.php(832): App\Controllers\Pages->view('pages', 'view')
#4 C:\AppServ\www\codeigniter4\system\CodeIgniter.php(419): CodeIgniter\CodeIgniter->runController(Object(App\Controllers\Pages))
#5 C:\AppServ\www\codeigniter4\system\CodeIgniter.php(326): CodeIgniter\CodeIgniter->handleRequest(NULL, Object(Config\Cache), false)
#6 C:\AppServ\www\codeigniter4\public\index.php(37): CodeIgniter\CodeIgniter->run()
#7 C:\AppServ\www\codeigniter4\system\Commands\Server\rewrite.php(43): require_once('C:\\AppServ\\www\\...')
#8 {main}
CRITICAL - 2022-03-09 13:19:15 --> Invalid file: pages/pages.php
#0 C:\AppServ\www\codeigniter4\system\View\View.php(198): CodeIgniter\Exceptions\FrameworkException::forInvalidFile('pages/pages.php')
#1 C:\AppServ\www\codeigniter4\system\Common.php(1089): CodeIgniter\View\View->render('pages/pages', Array, true)
#2 C:\AppServ\www\codeigniter4\app\Controllers\pages.php(29): view('pages/pages')
#3 C:\AppServ\www\codeigniter4\system\CodeIgniter.php(832): App\Controllers\Pages->view('pages', 'into')
#4 C:\AppServ\www\codeigniter4\system\CodeIgniter.php(419): CodeIgniter\CodeIgniter->runController(Object(App\Controllers\Pages))
#5 C:\AppServ\www\codeigniter4\system\CodeIgniter.php(326): CodeIgniter\CodeIgniter->handleRequest(NULL, Object(Config\Cache), false)
#6 C:\AppServ\www\codeigniter4\public\index.php(37): CodeIgniter\CodeIgniter->run()
#7 C:\AppServ\www\codeigniter4\system\Commands\Server\rewrite.php(43): require_once('C:\\AppServ\\www\\...')
#8 {main}
CRITICAL - 2022-03-09 13:21:36 --> Invalid file: pages/pages.php
#0 C:\AppServ\www\codeigniter4\system\View\View.php(198): CodeIgniter\Exceptions\FrameworkException::forInvalidFile('pages/pages.php')
#1 C:\AppServ\www\codeigniter4\system\Common.php(1089): CodeIgniter\View\View->render('pages/pages', Array, true)
#2 C:\AppServ\www\codeigniter4\app\Controllers\pages.php(29): view('pages/pages')
#3 C:\AppServ\www\codeigniter4\system\CodeIgniter.php(832): App\Controllers\Pages->view('pages', 'view')
#4 C:\AppServ\www\codeigniter4\system\CodeIgniter.php(419): CodeIgniter\CodeIgniter->runController(Object(App\Controllers\Pages))
#5 C:\AppServ\www\codeigniter4\system\CodeIgniter.php(326): CodeIgniter\CodeIgniter->handleRequest(NULL, Object(Config\Cache), false)
#6 C:\AppServ\www\codeigniter4\public\index.php(37): CodeIgniter\CodeIgniter->run()
#7 C:\AppServ\www\codeigniter4\system\Commands\Server\rewrite.php(43): require_once('C:\\AppServ\\www\\...')
#8 {main}
CRITICAL - 2022-03-09 13:22:17 --> Invalid file: pages/pages.php
#0 C:\AppServ\www\codeigniter4\system\View\View.php(198): CodeIgniter\Exceptions\FrameworkException::forInvalidFile('pages/pages.php')
#1 C:\AppServ\www\codeigniter4\system\Common.php(1089): CodeIgniter\View\View->render('pages/pages', Array, true)
#2 C:\AppServ\www\codeigniter4\app\Controllers\pages.php(29): view('pages/pages')
#3 C:\AppServ\www\codeigniter4\system\CodeIgniter.php(832): App\Controllers\Pages->view('pages', 'home')
#4 C:\AppServ\www\codeigniter4\system\CodeIgniter.php(419): CodeIgniter\CodeIgniter->runController(Object(App\Controllers\Pages))
#5 C:\AppServ\www\codeigniter4\system\CodeIgniter.php(326): CodeIgniter\CodeIgniter->handleRequest(NULL, Object(Config\Cache), false)
#6 C:\AppServ\www\codeigniter4\public\index.php(37): CodeIgniter\CodeIgniter->run()
#7 C:\AppServ\www\codeigniter4\system\Commands\Server\rewrite.php(43): require_once('C:\\AppServ\\www\\...')
#8 {main}
CRITICAL - 2022-03-09 13:23:22 --> Invalid file: pages/pages.php
#0 C:\AppServ\www\codeigniter4\system\View\View.php(198): CodeIgniter\Exceptions\FrameworkException::forInvalidFile('pages/pages.php')
#1 C:\AppServ\www\codeigniter4\system\Common.php(1089): CodeIgniter\View\View->render('pages/pages', Array, true)
#2 C:\AppServ\www\codeigniter4\app\Controllers\pages.php(29): view('pages/pages')
#3 C:\AppServ\www\codeigniter4\system\CodeIgniter.php(832): App\Controllers\Pages->view('pages', 'home')
#4 C:\AppServ\www\codeigniter4\system\CodeIgniter.php(419): CodeIgniter\CodeIgniter->runController(Object(App\Controllers\Pages))
#5 C:\AppServ\www\codeigniter4\system\CodeIgniter.php(326): CodeIgniter\CodeIgniter->handleRequest(NULL, Object(Config\Cache), false)
#6 C:\AppServ\www\codeigniter4\public\index.php(37): CodeIgniter\CodeIgniter->run()
#7 C:\AppServ\www\codeigniter4\system\Commands\Server\rewrite.php(43): require_once('C:\\AppServ\\www\\...')
#8 {main}
CRITICAL - 2022-03-09 13:40:13 --> Invalid file: pages/kn.php
#0 C:\AppServ\www\codeigniter4\system\View\View.php(198): CodeIgniter\Exceptions\FrameworkException::forInvalidFile('pages/kn.php')
#1 C:\AppServ\www\codeigniter4\system\Common.php(1089): CodeIgniter\View\View->render('pages/kn', Array, true)
#2 C:\AppServ\www\codeigniter4\app\Controllers\pages.php(29): view('pages/kn')
#3 C:\AppServ\www\codeigniter4\system\CodeIgniter.php(832): App\Controllers\Pages->view('kn')
#4 C:\AppServ\www\codeigniter4\system\CodeIgniter.php(419): CodeIgniter\CodeIgniter->runController(Object(App\Controllers\Pages))
#5 C:\AppServ\www\codeigniter4\system\CodeIgniter.php(326): CodeIgniter\CodeIgniter->handleRequest(NULL, Object(Config\Cache), false)
#6 C:\AppServ\www\codeigniter4\public\index.php(37): CodeIgniter\CodeIgniter->run()
#7 C:\AppServ\www\codeigniter4\system\Commands\Server\rewrite.php(43): require_once('C:\\AppServ\\www\\...')
#8 {main}
CRITICAL - 2022-03-09 13:40:56 --> Invalid file: pages/gg.php
#0 C:\AppServ\www\codeigniter4\system\View\View.php(198): CodeIgniter\Exceptions\FrameworkException::forInvalidFile('pages/gg.php')
#1 C:\AppServ\www\codeigniter4\system\Common.php(1089): CodeIgniter\View\View->render('pages/gg', Array, true)
#2 C:\AppServ\www\codeigniter4\app\Controllers\pages.php(29): view('pages/gg')
#3 C:\AppServ\www\codeigniter4\system\CodeIgniter.php(832): App\Controllers\Pages->view('gg')
#4 C:\AppServ\www\codeigniter4\system\CodeIgniter.php(419): CodeIgniter\CodeIgniter->runController(Object(App\Controllers\Pages))
#5 C:\AppServ\www\codeigniter4\system\CodeIgniter.php(326): CodeIgniter\CodeIgniter->handleRequest(NULL, Object(Config\Cache), false)
#6 C:\AppServ\www\codeigniter4\public\index.php(37): CodeIgniter\CodeIgniter->run()
#7 C:\AppServ\www\codeigniter4\system\Commands\Server\rewrite.php(43): require_once('C:\\AppServ\\www\\...')
#8 {main}
CRITICAL - 2022-03-09 13:42:17 --> Invalid file: pages/aboult.php
#0 C:\AppServ\www\codeigniter4\system\View\View.php(198): CodeIgniter\Exceptions\FrameworkException::forInvalidFile('pages/aboult.ph...')
#1 C:\AppServ\www\codeigniter4\system\Common.php(1089): CodeIgniter\View\View->render('pages/aboult', Array, true)
#2 C:\AppServ\www\codeigniter4\app\Controllers\pages.php(29): view('pages/aboult')
#3 C:\AppServ\www\codeigniter4\system\CodeIgniter.php(832): App\Controllers\Pages->view('aboult')
#4 C:\AppServ\www\codeigniter4\system\CodeIgniter.php(419): CodeIgniter\CodeIgniter->runController(Object(App\Controllers\Pages))
#5 C:\AppServ\www\codeigniter4\system\CodeIgniter.php(326): CodeIgniter\CodeIgniter->handleRequest(NULL, Object(Config\Cache), false)
#6 C:\AppServ\www\codeigniter4\public\index.php(37): CodeIgniter\CodeIgniter->run()
#7 C:\AppServ\www\codeigniter4\system\Commands\Server\rewrite.php(43): require_once('C:\\AppServ\\www\\...')
#8 {main}
