CRITICAL - 2022-03-11 10:30:42 --> A non-numeric value encountered
#0 C:\AppServ\www\codeigniter4\app\Views\news\overview.php(9): CodeIgniter\Debug\Exceptions->errorHandler(2, 'A non-numeric v...', 'C:\\AppServ\\www\\...', 9, Array)
#1 C:\AppServ\www\codeigniter4\system\View\View.php(210): include('C:\\AppServ\\www\\...')
#2 C:\AppServ\www\codeigniter4\system\View\View.php(213): CodeIgniter\View\View->CodeIgniter\View\{closure}()
#3 C:\AppServ\www\codeigniter4\system\Common.php(1089): CodeIgniter\View\View->render('news/overview', Array, true)
#4 C:\AppServ\www\codeigniter4\app\Controllers\news.php(21): view('news/overview', Array)
#5 C:\AppServ\www\codeigniter4\system\CodeIgniter.php(832): App\Controllers\News->index()
#6 C:\AppServ\www\codeigniter4\system\CodeIgniter.php(419): CodeIgniter\CodeIgniter->runController(Object(App\Controllers\News))
#7 C:\AppServ\www\codeigniter4\system\CodeIgniter.php(326): CodeIgniter\CodeIgniter->handleRequest(NULL, Object(Config\Cache), false)
#8 C:\AppServ\www\codeigniter4\public\index.php(37): CodeIgniter\CodeIgniter->run()
#9 C:\AppServ\www\codeigniter4\system\Commands\Server\rewrite.php(43): require_once('C:\\AppServ\\www\\...')
#10 {main}
CRITICAL - 2022-03-11 10:41:25 --> Undefined variable: i
#0 C:\AppServ\www\codeigniter4\app\Views\news\overview.php(9): CodeIgniter\Debug\Exceptions->errorHandler(8, 'Undefined varia...', 'C:\\AppServ\\www\\...', 9, Array)
#1 C:\AppServ\www\codeigniter4\system\View\View.php(210): include('C:\\AppServ\\www\\...')
#2 C:\AppServ\www\codeigniter4\system\View\View.php(213): CodeIgniter\View\View->CodeIgniter\View\{closure}()
#3 C:\AppServ\www\codeigniter4\system\Common.php(1089): CodeIgniter\View\View->render('news/overview', Array, true)
#4 C:\AppServ\www\codeigniter4\app\Controllers\news.php(21): view('news/overview', Array)
#5 C:\AppServ\www\codeigniter4\system\CodeIgniter.php(832): App\Controllers\News->index()
#6 C:\AppServ\www\codeigniter4\system\CodeIgniter.php(419): CodeIgniter\CodeIgniter->runController(Object(App\Controllers\News))
#7 C:\AppServ\www\codeigniter4\system\CodeIgniter.php(326): CodeIgniter\CodeIgniter->handleRequest(NULL, Object(Config\Cache), false)
#8 C:\AppServ\www\codeigniter4\public\index.php(37): CodeIgniter\CodeIgniter->run()
#9 C:\AppServ\www\codeigniter4\system\Commands\Server\rewrite.php(43): require_once('C:\\AppServ\\www\\...')
#10 {main}
