ERROR - 2022-03-17 12:36:52 --> Unknown column 'slug' in 'where clause'
CRITICAL - 2022-03-17 12:36:52 --> Call to a member function getFirstRow() on bool
#0 C:\AppServ\www\codeigniter4\system\BaseModel.php(622): CodeIgniter\Model->doFirst()
#1 C:\AppServ\www\codeigniter4\app\Models\teacherModel.php(18): CodeIgniter\BaseModel->first()
#2 C:\AppServ\www\codeigniter4\app\Controllers\teacher_info.php(21): App\Models\TeacherModel->getInfo(NULL)
#3 C:\AppServ\www\codeigniter4\system\CodeIgniter.php(832): App\Controllers\Teacher_info->view()
#4 C:\AppServ\www\codeigniter4\system\CodeIgniter.php(419): CodeIgniter\CodeIgniter->runController(Object(App\Controllers\Teacher_info))
#5 C:\AppServ\www\codeigniter4\system\CodeIgniter.php(326): CodeIgniter\CodeIgniter->handleRequest(NULL, Object(Config\Cache), false)
#6 C:\AppServ\www\codeigniter4\public\index.php(37): CodeIgniter\CodeIgniter->run()
#7 C:\AppServ\www\codeigniter4\system\Commands\Server\rewrite.php(43): require_once('C:\\AppServ\\www\\...')
#8 {main}
ERROR - 2022-03-17 12:36:57 --> Unknown column 'slug' in 'where clause'
CRITICAL - 2022-03-17 12:36:57 --> Call to a member function getFirstRow() on bool
#0 C:\AppServ\www\codeigniter4\system\BaseModel.php(622): CodeIgniter\Model->doFirst()
#1 C:\AppServ\www\codeigniter4\app\Models\teacherModel.php(18): CodeIgniter\BaseModel->first()
#2 C:\AppServ\www\codeigniter4\app\Controllers\teacher_info.php(21): App\Models\TeacherModel->getInfo(NULL)
#3 C:\AppServ\www\codeigniter4\system\CodeIgniter.php(832): App\Controllers\Teacher_info->view()
#4 C:\AppServ\www\codeigniter4\system\CodeIgniter.php(419): CodeIgniter\CodeIgniter->runController(Object(App\Controllers\Teacher_info))
#5 C:\AppServ\www\codeigniter4\system\CodeIgniter.php(326): CodeIgniter\CodeIgniter->handleRequest(NULL, Object(Config\Cache), false)
#6 C:\AppServ\www\codeigniter4\public\index.php(37): CodeIgniter\CodeIgniter->run()
#7 C:\AppServ\www\codeigniter4\system\Commands\Server\rewrite.php(43): require_once('C:\\AppServ\\www\\...')
#8 {main}
ERROR - 2022-03-17 12:50:26 --> Unknown column 'slug' in 'where clause'
CRITICAL - 2022-03-17 12:50:26 --> Call to a member function getFirstRow() on bool
#0 C:\AppServ\www\codeigniter4\system\BaseModel.php(622): CodeIgniter\Model->doFirst()
#1 C:\AppServ\www\codeigniter4\app\Models\teacherModel.php(18): CodeIgniter\BaseModel->first()
#2 C:\AppServ\www\codeigniter4\app\Controllers\teacher_info.php(21): App\Models\TeacherModel->getInfo(NULL)
#3 C:\AppServ\www\codeigniter4\system\CodeIgniter.php(832): App\Controllers\Teacher_info->view()
#4 C:\AppServ\www\codeigniter4\system\CodeIgniter.php(419): CodeIgniter\CodeIgniter->runController(Object(App\Controllers\Teacher_info))
#5 C:\AppServ\www\codeigniter4\system\CodeIgniter.php(326): CodeIgniter\CodeIgniter->handleRequest(NULL, Object(Config\Cache), false)
#6 C:\AppServ\www\codeigniter4\public\index.php(37): CodeIgniter\CodeIgniter->run()
#7 C:\AppServ\www\codeigniter4\system\Commands\Server\rewrite.php(43): require_once('C:\\AppServ\\www\\...')
#8 {main}
ERROR - 2022-03-17 12:50:41 --> Unknown column 'slug' in 'where clause'
CRITICAL - 2022-03-17 12:50:41 --> Call to a member function getFirstRow() on bool
#0 C:\AppServ\www\codeigniter4\system\BaseModel.php(622): CodeIgniter\Model->doFirst()
#1 C:\AppServ\www\codeigniter4\app\Models\teacherModel.php(18): CodeIgniter\BaseModel->first()
#2 C:\AppServ\www\codeigniter4\app\Controllers\teacher_info.php(21): App\Models\TeacherModel->getInfo(NULL)
#3 C:\AppServ\www\codeigniter4\system\CodeIgniter.php(832): App\Controllers\Teacher_info->view()
#4 C:\AppServ\www\codeigniter4\system\CodeIgniter.php(419): CodeIgniter\CodeIgniter->runController(Object(App\Controllers\Teacher_info))
#5 C:\AppServ\www\codeigniter4\system\CodeIgniter.php(326): CodeIgniter\CodeIgniter->handleRequest(NULL, Object(Config\Cache), false)
#6 C:\AppServ\www\codeigniter4\public\index.php(37): CodeIgniter\CodeIgniter->run()
#7 C:\AppServ\www\codeigniter4\system\Commands\Server\rewrite.php(43): require_once('C:\\AppServ\\www\\...')
#8 {main}
ERROR - 2022-03-17 12:51:13 --> Unknown column 'slug' in 'where clause'
CRITICAL - 2022-03-17 12:51:13 --> Call to a member function getFirstRow() on bool
#0 C:\AppServ\www\codeigniter4\system\BaseModel.php(622): CodeIgniter\Model->doFirst()
#1 C:\AppServ\www\codeigniter4\app\Models\teacherModel.php(18): CodeIgniter\BaseModel->first()
#2 C:\AppServ\www\codeigniter4\app\Controllers\teacher_info.php(21): App\Models\TeacherModel->getInfo(NULL)
#3 C:\AppServ\www\codeigniter4\system\CodeIgniter.php(832): App\Controllers\Teacher_info->view()
#4 C:\AppServ\www\codeigniter4\system\CodeIgniter.php(419): CodeIgniter\CodeIgniter->runController(Object(App\Controllers\Teacher_info))
#5 C:\AppServ\www\codeigniter4\system\CodeIgniter.php(326): CodeIgniter\CodeIgniter->handleRequest(NULL, Object(Config\Cache), false)
#6 C:\AppServ\www\codeigniter4\public\index.php(37): CodeIgniter\CodeIgniter->run()
#7 C:\AppServ\www\codeigniter4\system\Commands\Server\rewrite.php(43): require_once('C:\\AppServ\\www\\...')
#8 {main}
ERROR - 2022-03-17 12:51:16 --> Unknown column 'slug' in 'where clause'
CRITICAL - 2022-03-17 12:51:16 --> Call to a member function getFirstRow() on bool
#0 C:\AppServ\www\codeigniter4\system\BaseModel.php(622): CodeIgniter\Model->doFirst()
#1 C:\AppServ\www\codeigniter4\app\Models\teacherModel.php(18): CodeIgniter\BaseModel->first()
#2 C:\AppServ\www\codeigniter4\app\Controllers\teacher_info.php(21): App\Models\TeacherModel->getInfo(NULL)
#3 C:\AppServ\www\codeigniter4\system\CodeIgniter.php(832): App\Controllers\Teacher_info->view()
#4 C:\AppServ\www\codeigniter4\system\CodeIgniter.php(419): CodeIgniter\CodeIgniter->runController(Object(App\Controllers\Teacher_info))
#5 C:\AppServ\www\codeigniter4\system\CodeIgniter.php(326): CodeIgniter\CodeIgniter->handleRequest(NULL, Object(Config\Cache), false)
#6 C:\AppServ\www\codeigniter4\public\index.php(37): CodeIgniter\CodeIgniter->run()
#7 C:\AppServ\www\codeigniter4\system\Commands\Server\rewrite.php(43): require_once('C:\\AppServ\\www\\...')
#8 {main}
CRITICAL - 2022-03-17 12:51:30 --> Argument 2 passed to view() must be of the type array, null given, called in C:\AppServ\www\codeigniter4\app\Controllers\teacher_info.php on line 28
#0 C:\AppServ\www\codeigniter4\app\Controllers\teacher_info.php(28): view('templates/heade...', NULL)
#1 C:\AppServ\www\codeigniter4\system\CodeIgniter.php(832): App\Controllers\Teacher_info->view()
#2 C:\AppServ\www\codeigniter4\system\CodeIgniter.php(419): CodeIgniter\CodeIgniter->runController(Object(App\Controllers\Teacher_info))
#3 C:\AppServ\www\codeigniter4\system\CodeIgniter.php(326): CodeIgniter\CodeIgniter->handleRequest(NULL, Object(Config\Cache), false)
#4 C:\AppServ\www\codeigniter4\public\index.php(37): CodeIgniter\CodeIgniter->run()
#5 C:\AppServ\www\codeigniter4\system\Commands\Server\rewrite.php(43): require_once('C:\\AppServ\\www\\...')
#6 {main}
CRITICAL - 2022-03-17 13:00:30 --> Argument 2 passed to view() must be of the type array, null given, called in C:\AppServ\www\codeigniter4\app\Controllers\teacher_info.php on line 28
#0 C:\AppServ\www\codeigniter4\app\Controllers\teacher_info.php(28): view('templates/heade...', NULL)
#1 C:\AppServ\www\codeigniter4\system\CodeIgniter.php(832): App\Controllers\Teacher_info->view()
#2 C:\AppServ\www\codeigniter4\system\CodeIgniter.php(419): CodeIgniter\CodeIgniter->runController(Object(App\Controllers\Teacher_info))
#3 C:\AppServ\www\codeigniter4\system\CodeIgniter.php(326): CodeIgniter\CodeIgniter->handleRequest(NULL, Object(Config\Cache), false)
#4 C:\AppServ\www\codeigniter4\public\index.php(37): CodeIgniter\CodeIgniter->run()
#5 C:\AppServ\www\codeigniter4\system\Commands\Server\rewrite.php(43): require_once('C:\\AppServ\\www\\...')
#6 {main}
ERROR - 2022-03-17 13:03:51 --> Unknown column 'slug' in 'where clause'
CRITICAL - 2022-03-17 13:03:51 --> Call to a member function getFirstRow() on bool
#0 C:\AppServ\www\codeigniter4\system\BaseModel.php(622): CodeIgniter\Model->doFirst()
#1 C:\AppServ\www\codeigniter4\app\Models\teacherModel.php(18): CodeIgniter\BaseModel->first()
#2 C:\AppServ\www\codeigniter4\app\Controllers\teacher_info.php(21): App\Models\TeacherModel->getInfo('$1')
#3 C:\AppServ\www\codeigniter4\system\CodeIgniter.php(832): App\Controllers\Teacher_info->view('$1')
#4 C:\AppServ\www\codeigniter4\system\CodeIgniter.php(419): CodeIgniter\CodeIgniter->runController(Object(App\Controllers\Teacher_info))
#5 C:\AppServ\www\codeigniter4\system\CodeIgniter.php(326): CodeIgniter\CodeIgniter->handleRequest(NULL, Object(Config\Cache), false)
#6 C:\AppServ\www\codeigniter4\public\index.php(37): CodeIgniter\CodeIgniter->run()
#7 C:\AppServ\www\codeigniter4\system\Commands\Server\rewrite.php(43): require_once('C:\\AppServ\\www\\...')
#8 {main}
ERROR - 2022-03-17 13:03:53 --> Unknown column 'slug' in 'where clause'
CRITICAL - 2022-03-17 13:03:53 --> Call to a member function getFirstRow() on bool
#0 C:\AppServ\www\codeigniter4\system\BaseModel.php(622): CodeIgniter\Model->doFirst()
#1 C:\AppServ\www\codeigniter4\app\Models\teacherModel.php(18): CodeIgniter\BaseModel->first()
#2 C:\AppServ\www\codeigniter4\app\Controllers\teacher_info.php(21): App\Models\TeacherModel->getInfo('$1')
#3 C:\AppServ\www\codeigniter4\system\CodeIgniter.php(832): App\Controllers\Teacher_info->view('$1')
#4 C:\AppServ\www\codeigniter4\system\CodeIgniter.php(419): CodeIgniter\CodeIgniter->runController(Object(App\Controllers\Teacher_info))
#5 C:\AppServ\www\codeigniter4\system\CodeIgniter.php(326): CodeIgniter\CodeIgniter->handleRequest(NULL, Object(Config\Cache), false)
#6 C:\AppServ\www\codeigniter4\public\index.php(37): CodeIgniter\CodeIgniter->run()
#7 C:\AppServ\www\codeigniter4\system\Commands\Server\rewrite.php(43): require_once('C:\\AppServ\\www\\...')
#8 {main}
ERROR - 2022-03-17 13:05:58 --> Unknown column 'slug' in 'where clause'
CRITICAL - 2022-03-17 13:05:58 --> Call to a member function getFirstRow() on bool
#0 C:\AppServ\www\codeigniter4\system\BaseModel.php(622): CodeIgniter\Model->doFirst()
#1 C:\AppServ\www\codeigniter4\app\Models\teacherModel.php(18): CodeIgniter\BaseModel->first()
#2 C:\AppServ\www\codeigniter4\app\Controllers\teacher_info.php(21): App\Models\TeacherModel->getInfo('$1')
#3 C:\AppServ\www\codeigniter4\system\CodeIgniter.php(832): App\Controllers\Teacher_info->view('$1')
#4 C:\AppServ\www\codeigniter4\system\CodeIgniter.php(419): CodeIgniter\CodeIgniter->runController(Object(App\Controllers\Teacher_info))
#5 C:\AppServ\www\codeigniter4\system\CodeIgniter.php(326): CodeIgniter\CodeIgniter->handleRequest(NULL, Object(Config\Cache), false)
#6 C:\AppServ\www\codeigniter4\public\index.php(37): CodeIgniter\CodeIgniter->run()
#7 C:\AppServ\www\codeigniter4\system\Commands\Server\rewrite.php(43): require_once('C:\\AppServ\\www\\...')
#8 {main}
ERROR - 2022-03-17 13:06:02 --> Unknown column 'slug' in 'where clause'
CRITICAL - 2022-03-17 13:06:02 --> Call to a member function getFirstRow() on bool
#0 C:\AppServ\www\codeigniter4\system\BaseModel.php(622): CodeIgniter\Model->doFirst()
#1 C:\AppServ\www\codeigniter4\app\Models\teacherModel.php(18): CodeIgniter\BaseModel->first()
#2 C:\AppServ\www\codeigniter4\app\Controllers\teacher_info.php(21): App\Models\TeacherModel->getInfo('$1')
#3 C:\AppServ\www\codeigniter4\system\CodeIgniter.php(832): App\Controllers\Teacher_info->view('$1')
#4 C:\AppServ\www\codeigniter4\system\CodeIgniter.php(419): CodeIgniter\CodeIgniter->runController(Object(App\Controllers\Teacher_info))
#5 C:\AppServ\www\codeigniter4\system\CodeIgniter.php(326): CodeIgniter\CodeIgniter->handleRequest(NULL, Object(Config\Cache), false)
#6 C:\AppServ\www\codeigniter4\public\index.php(37): CodeIgniter\CodeIgniter->run()
#7 C:\AppServ\www\codeigniter4\system\Commands\Server\rewrite.php(43): require_once('C:\\AppServ\\www\\...')
#8 {main}
ERROR - 2022-03-17 13:15:04 --> Unknown column 'slug' in 'where clause'
CRITICAL - 2022-03-17 13:15:04 --> Call to a member function getFirstRow() on bool
#0 C:\AppServ\www\codeigniter4\system\BaseModel.php(622): CodeIgniter\Model->doFirst()
#1 C:\AppServ\www\codeigniter4\app\Models\teacherModel.php(18): CodeIgniter\BaseModel->first()
#2 C:\AppServ\www\codeigniter4\app\Controllers\teacher_info.php(21): App\Models\TeacherModel->getInfo('$1')
#3 C:\AppServ\www\codeigniter4\system\CodeIgniter.php(832): App\Controllers\Teacher_info->view('$1')
#4 C:\AppServ\www\codeigniter4\system\CodeIgniter.php(419): CodeIgniter\CodeIgniter->runController(Object(App\Controllers\Teacher_info))
#5 C:\AppServ\www\codeigniter4\system\CodeIgniter.php(326): CodeIgniter\CodeIgniter->handleRequest(NULL, Object(Config\Cache), false)
#6 C:\AppServ\www\codeigniter4\public\index.php(37): CodeIgniter\CodeIgniter->run()
#7 C:\AppServ\www\codeigniter4\system\Commands\Server\rewrite.php(43): require_once('C:\\AppServ\\www\\...')
#8 {main}
ERROR - 2022-03-17 13:15:12 --> Unknown column 'slug' in 'where clause'
CRITICAL - 2022-03-17 13:15:12 --> Call to a member function getFirstRow() on bool
#0 C:\AppServ\www\codeigniter4\system\BaseModel.php(622): CodeIgniter\Model->doFirst()
#1 C:\AppServ\www\codeigniter4\app\Models\teacherModel.php(18): CodeIgniter\BaseModel->first()
#2 C:\AppServ\www\codeigniter4\app\Controllers\teacher_info.php(21): App\Models\TeacherModel->getInfo(NULL)
#3 C:\AppServ\www\codeigniter4\system\CodeIgniter.php(832): App\Controllers\Teacher_info->view()
#4 C:\AppServ\www\codeigniter4\system\CodeIgniter.php(419): CodeIgniter\CodeIgniter->runController(Object(App\Controllers\Teacher_info))
#5 C:\AppServ\www\codeigniter4\system\CodeIgniter.php(326): CodeIgniter\CodeIgniter->handleRequest(NULL, Object(Config\Cache), false)
#6 C:\AppServ\www\codeigniter4\public\index.php(37): CodeIgniter\CodeIgniter->run()
#7 C:\AppServ\www\codeigniter4\system\Commands\Server\rewrite.php(43): require_once('C:\\AppServ\\www\\...')
#8 {main}
ERROR - 2022-03-17 13:15:16 --> Unknown column 'slug' in 'where clause'
CRITICAL - 2022-03-17 13:15:16 --> Call to a member function getFirstRow() on bool
#0 C:\AppServ\www\codeigniter4\system\BaseModel.php(622): CodeIgniter\Model->doFirst()
#1 C:\AppServ\www\codeigniter4\app\Models\teacherModel.php(18): CodeIgniter\BaseModel->first()
#2 C:\AppServ\www\codeigniter4\app\Controllers\teacher_info.php(21): App\Models\TeacherModel->getInfo(NULL)
#3 C:\AppServ\www\codeigniter4\system\CodeIgniter.php(832): App\Controllers\Teacher_info->view()
#4 C:\AppServ\www\codeigniter4\system\CodeIgniter.php(419): CodeIgniter\CodeIgniter->runController(Object(App\Controllers\Teacher_info))
#5 C:\AppServ\www\codeigniter4\system\CodeIgniter.php(326): CodeIgniter\CodeIgniter->handleRequest(NULL, Object(Config\Cache), false)
#6 C:\AppServ\www\codeigniter4\public\index.php(37): CodeIgniter\CodeIgniter->run()
#7 C:\AppServ\www\codeigniter4\system\Commands\Server\rewrite.php(43): require_once('C:\\AppServ\\www\\...')
#8 {main}
ERROR - 2022-03-17 13:16:01 --> Unknown column 'slug' in 'where clause'
CRITICAL - 2022-03-17 13:16:01 --> Call to a member function getFirstRow() on bool
#0 C:\AppServ\www\codeigniter4\system\BaseModel.php(622): CodeIgniter\Model->doFirst()
#1 C:\AppServ\www\codeigniter4\app\Models\teacherModel.php(18): CodeIgniter\BaseModel->first()
#2 C:\AppServ\www\codeigniter4\app\Controllers\teacher_info.php(21): App\Models\TeacherModel->getInfo(NULL)
#3 C:\AppServ\www\codeigniter4\system\CodeIgniter.php(832): App\Controllers\Teacher_info->view()
#4 C:\AppServ\www\codeigniter4\system\CodeIgniter.php(419): CodeIgniter\CodeIgniter->runController(Object(App\Controllers\Teacher_info))
#5 C:\AppServ\www\codeigniter4\system\CodeIgniter.php(326): CodeIgniter\CodeIgniter->handleRequest(NULL, Object(Config\Cache), false)
#6 C:\AppServ\www\codeigniter4\public\index.php(37): CodeIgniter\CodeIgniter->run()
#7 C:\AppServ\www\codeigniter4\system\Commands\Server\rewrite.php(43): require_once('C:\\AppServ\\www\\...')
#8 {main}
ERROR - 2022-03-17 13:16:03 --> Unknown column 'slug' in 'where clause'
CRITICAL - 2022-03-17 13:16:03 --> Call to a member function getFirstRow() on bool
#0 C:\AppServ\www\codeigniter4\system\BaseModel.php(622): CodeIgniter\Model->doFirst()
#1 C:\AppServ\www\codeigniter4\app\Models\teacherModel.php(18): CodeIgniter\BaseModel->first()
#2 C:\AppServ\www\codeigniter4\app\Controllers\teacher_info.php(21): App\Models\TeacherModel->getInfo(NULL)
#3 C:\AppServ\www\codeigniter4\system\CodeIgniter.php(832): App\Controllers\Teacher_info->view()
#4 C:\AppServ\www\codeigniter4\system\CodeIgniter.php(419): CodeIgniter\CodeIgniter->runController(Object(App\Controllers\Teacher_info))
#5 C:\AppServ\www\codeigniter4\system\CodeIgniter.php(326): CodeIgniter\CodeIgniter->handleRequest(NULL, Object(Config\Cache), false)
#6 C:\AppServ\www\codeigniter4\public\index.php(37): CodeIgniter\CodeIgniter->run()
#7 C:\AppServ\www\codeigniter4\system\Commands\Server\rewrite.php(43): require_once('C:\\AppServ\\www\\...')
#8 {main}
ERROR - 2022-03-17 13:16:16 --> Unknown column 'slug' in 'where clause'
CRITICAL - 2022-03-17 13:16:16 --> Call to a member function getFirstRow() on bool
#0 C:\AppServ\www\codeigniter4\system\BaseModel.php(622): CodeIgniter\Model->doFirst()
#1 C:\AppServ\www\codeigniter4\app\Models\teacherModel.php(18): CodeIgniter\BaseModel->first()
#2 C:\AppServ\www\codeigniter4\app\Controllers\teacher_info.php(21): App\Models\TeacherModel->getInfo(NULL)
#3 C:\AppServ\www\codeigniter4\system\CodeIgniter.php(832): App\Controllers\Teacher_info->view()
#4 C:\AppServ\www\codeigniter4\system\CodeIgniter.php(419): CodeIgniter\CodeIgniter->runController(Object(App\Controllers\Teacher_info))
#5 C:\AppServ\www\codeigniter4\system\CodeIgniter.php(326): CodeIgniter\CodeIgniter->handleRequest(NULL, Object(Config\Cache), false)
#6 C:\AppServ\www\codeigniter4\public\index.php(37): CodeIgniter\CodeIgniter->run()
#7 C:\AppServ\www\codeigniter4\system\Commands\Server\rewrite.php(43): require_once('C:\\AppServ\\www\\...')
#8 {main}
ERROR - 2022-03-17 13:21:59 --> Unknown column 'slug' in 'where clause'
CRITICAL - 2022-03-17 13:21:59 --> Call to a member function getFirstRow() on bool
#0 C:\AppServ\www\codeigniter4\system\BaseModel.php(622): CodeIgniter\Model->doFirst()
#1 C:\AppServ\www\codeigniter4\app\Models\teacherModel.php(18): CodeIgniter\BaseModel->first()
#2 C:\AppServ\www\codeigniter4\app\Controllers\teacher_info.php(21): App\Models\TeacherModel->getInfo(NULL)
#3 C:\AppServ\www\codeigniter4\system\CodeIgniter.php(832): App\Controllers\Teacher_info->view()
#4 C:\AppServ\www\codeigniter4\system\CodeIgniter.php(419): CodeIgniter\CodeIgniter->runController(Object(App\Controllers\Teacher_info))
#5 C:\AppServ\www\codeigniter4\system\CodeIgniter.php(326): CodeIgniter\CodeIgniter->handleRequest(NULL, Object(Config\Cache), false)
#6 C:\AppServ\www\codeigniter4\public\index.php(37): CodeIgniter\CodeIgniter->run()
#7 C:\AppServ\www\codeigniter4\system\Commands\Server\rewrite.php(43): require_once('C:\\AppServ\\www\\...')
#8 {main}
ERROR - 2022-03-17 13:22:44 --> Unknown column 'slug' in 'where clause'
CRITICAL - 2022-03-17 13:22:44 --> Call to a member function getFirstRow() on bool
#0 C:\AppServ\www\codeigniter4\system\BaseModel.php(622): CodeIgniter\Model->doFirst()
#1 C:\AppServ\www\codeigniter4\app\Models\teacherModel.php(18): CodeIgniter\BaseModel->first()
#2 C:\AppServ\www\codeigniter4\app\Controllers\teacher_info.php(21): App\Models\TeacherModel->getInfo(NULL)
#3 C:\AppServ\www\codeigniter4\system\CodeIgniter.php(832): App\Controllers\Teacher_info->view()
#4 C:\AppServ\www\codeigniter4\system\CodeIgniter.php(419): CodeIgniter\CodeIgniter->runController(Object(App\Controllers\Teacher_info))
#5 C:\AppServ\www\codeigniter4\system\CodeIgniter.php(326): CodeIgniter\CodeIgniter->handleRequest(NULL, Object(Config\Cache), false)
#6 C:\AppServ\www\codeigniter4\public\index.php(37): CodeIgniter\CodeIgniter->run()
#7 C:\AppServ\www\codeigniter4\system\Commands\Server\rewrite.php(43): require_once('C:\\AppServ\\www\\...')
#8 {main}
ERROR - 2022-03-17 13:22:46 --> Unknown column 'slug' in 'where clause'
CRITICAL - 2022-03-17 13:22:46 --> Call to a member function getFirstRow() on bool
#0 C:\AppServ\www\codeigniter4\system\BaseModel.php(622): CodeIgniter\Model->doFirst()
#1 C:\AppServ\www\codeigniter4\app\Models\teacherModel.php(18): CodeIgniter\BaseModel->first()
#2 C:\AppServ\www\codeigniter4\app\Controllers\teacher_info.php(21): App\Models\TeacherModel->getInfo(NULL)
#3 C:\AppServ\www\codeigniter4\system\CodeIgniter.php(832): App\Controllers\Teacher_info->view()
#4 C:\AppServ\www\codeigniter4\system\CodeIgniter.php(419): CodeIgniter\CodeIgniter->runController(Object(App\Controllers\Teacher_info))
#5 C:\AppServ\www\codeigniter4\system\CodeIgniter.php(326): CodeIgniter\CodeIgniter->handleRequest(NULL, Object(Config\Cache), false)
#6 C:\AppServ\www\codeigniter4\public\index.php(37): CodeIgniter\CodeIgniter->run()
#7 C:\AppServ\www\codeigniter4\system\Commands\Server\rewrite.php(43): require_once('C:\\AppServ\\www\\...')
#8 {main}
ERROR - 2022-03-17 13:23:28 --> Unknown column 'slug' in 'where clause'
CRITICAL - 2022-03-17 13:23:28 --> Call to a member function getFirstRow() on bool
#0 C:\AppServ\www\codeigniter4\system\BaseModel.php(622): CodeIgniter\Model->doFirst()
#1 C:\AppServ\www\codeigniter4\app\Models\teacherModel.php(18): CodeIgniter\BaseModel->first()
#2 C:\AppServ\www\codeigniter4\app\Controllers\teacher_info.php(21): App\Models\TeacherModel->getInfo('$1')
#3 C:\AppServ\www\codeigniter4\system\CodeIgniter.php(832): App\Controllers\Teacher_info->view('$1')
#4 C:\AppServ\www\codeigniter4\system\CodeIgniter.php(419): CodeIgniter\CodeIgniter->runController(Object(App\Controllers\Teacher_info))
#5 C:\AppServ\www\codeigniter4\system\CodeIgniter.php(326): CodeIgniter\CodeIgniter->handleRequest(NULL, Object(Config\Cache), false)
#6 C:\AppServ\www\codeigniter4\public\index.php(37): CodeIgniter\CodeIgniter->run()
#7 C:\AppServ\www\codeigniter4\system\Commands\Server\rewrite.php(43): require_once('C:\\AppServ\\www\\...')
#8 {main}
ERROR - 2022-03-17 13:25:23 --> Unknown column 'slug' in 'where clause'
CRITICAL - 2022-03-17 13:25:23 --> Call to a member function getFirstRow() on bool
#0 C:\AppServ\www\codeigniter4\system\BaseModel.php(622): CodeIgniter\Model->doFirst()
#1 C:\AppServ\www\codeigniter4\app\Models\teacherModel.php(18): CodeIgniter\BaseModel->first()
#2 C:\AppServ\www\codeigniter4\app\Controllers\teacher_info.php(21): App\Models\TeacherModel->getInfo(NULL)
#3 C:\AppServ\www\codeigniter4\system\CodeIgniter.php(832): App\Controllers\Teacher_info->view()
#4 C:\AppServ\www\codeigniter4\system\CodeIgniter.php(419): CodeIgniter\CodeIgniter->runController(Object(App\Controllers\Teacher_info))
#5 C:\AppServ\www\codeigniter4\system\CodeIgniter.php(326): CodeIgniter\CodeIgniter->handleRequest(NULL, Object(Config\Cache), false)
#6 C:\AppServ\www\codeigniter4\public\index.php(37): CodeIgniter\CodeIgniter->run()
#7 C:\AppServ\www\codeigniter4\system\Commands\Server\rewrite.php(43): require_once('C:\\AppServ\\www\\...')
#8 {main}
CRITICAL - 2022-03-17 22:43:02 --> syntax error, unexpected 'public' (T_PUBLIC)
#0 C:\AppServ\www\codeigniter4\system\Autoloader\Autoloader.php(241): CodeIgniter\Autoloader\Autoloader->includeFile('C:\\AppServ\\www\\...')
#1 C:\AppServ\www\codeigniter4\system\Autoloader\Autoloader.php(219): CodeIgniter\Autoloader\Autoloader->loadInNamespace('App\\Controllers...')
#2 [internal function]: CodeIgniter\Autoloader\Autoloader->loadClass('App\\Controllers...')
#3 [internal function]: spl_autoload_call('App\\Controllers...')
#4 C:\AppServ\www\codeigniter4\system\CodeIgniter.php(797): class_exists('\\App\\Controller...', true)
#5 C:\AppServ\www\codeigniter4\system\CodeIgniter.php(406): CodeIgniter\CodeIgniter->startController()
#6 C:\AppServ\www\codeigniter4\system\CodeIgniter.php(326): CodeIgniter\CodeIgniter->handleRequest(NULL, Object(Config\Cache), false)
#7 C:\AppServ\www\codeigniter4\public\index.php(37): CodeIgniter\CodeIgniter->run()
#8 C:\AppServ\www\codeigniter4\system\Commands\Server\rewrite.php(43): require_once('C:\\AppServ\\www\\...')
#9 {main}
CRITICAL - 2022-03-17 23:17:08 --> Call to a member function post() on null
#0 C:\AppServ\www\codeigniter4\system\CodeIgniter.php(832): App\Controllers\Teacher_info->login()
#1 C:\AppServ\www\codeigniter4\system\CodeIgniter.php(419): CodeIgniter\CodeIgniter->runController(Object(App\Controllers\Teacher_info))
#2 C:\AppServ\www\codeigniter4\system\CodeIgniter.php(326): CodeIgniter\CodeIgniter->handleRequest(NULL, Object(Config\Cache), false)
#3 C:\AppServ\www\codeigniter4\public\index.php(37): CodeIgniter\CodeIgniter->run()
#4 C:\AppServ\www\codeigniter4\system\Commands\Server\rewrite.php(43): require_once('C:\\AppServ\\www\\...')
#5 {main}
ERROR - 2022-03-17 23:28:04 --> Unknown column 'slug' in 'where clause'
CRITICAL - 2022-03-17 23:28:04 --> Call to a member function getFirstRow() on bool
#0 C:\AppServ\www\codeigniter4\system\BaseModel.php(622): CodeIgniter\Model->doFirst()
#1 C:\AppServ\www\codeigniter4\app\Models\teacherModel.php(18): CodeIgniter\BaseModel->first()
#2 C:\AppServ\www\codeigniter4\app\Controllers\teacher_info.php(21): App\Models\TeacherModel->getInfo('$1')
#3 C:\AppServ\www\codeigniter4\system\CodeIgniter.php(832): App\Controllers\Teacher_info->view('$1')
#4 C:\AppServ\www\codeigniter4\system\CodeIgniter.php(419): CodeIgniter\CodeIgniter->runController(Object(App\Controllers\Teacher_info))
#5 C:\AppServ\www\codeigniter4\system\CodeIgniter.php(326): CodeIgniter\CodeIgniter->handleRequest(NULL, Object(Config\Cache), false)
#6 C:\AppServ\www\codeigniter4\public\index.php(37): CodeIgniter\CodeIgniter->run()
#7 C:\AppServ\www\codeigniter4\system\Commands\Server\rewrite.php(43): require_once('C:\\AppServ\\www\\...')
#8 {main}
ERROR - 2022-03-17 23:29:54 --> Unknown column 'slug' in 'where clause'
CRITICAL - 2022-03-17 23:29:54 --> Call to a member function getFirstRow() on bool
#0 C:\AppServ\www\codeigniter4\system\BaseModel.php(622): CodeIgniter\Model->doFirst()
#1 C:\AppServ\www\codeigniter4\app\Models\teacherModel.php(18): CodeIgniter\BaseModel->first()
#2 C:\AppServ\www\codeigniter4\app\Controllers\teacher_info.php(21): App\Models\TeacherModel->getInfo('$1')
#3 C:\AppServ\www\codeigniter4\system\CodeIgniter.php(832): App\Controllers\Teacher_info->view('$1')
#4 C:\AppServ\www\codeigniter4\system\CodeIgniter.php(419): CodeIgniter\CodeIgniter->runController(Object(App\Controllers\Teacher_info))
#5 C:\AppServ\www\codeigniter4\system\CodeIgniter.php(326): CodeIgniter\CodeIgniter->handleRequest(NULL, Object(Config\Cache), false)
#6 C:\AppServ\www\codeigniter4\public\index.php(37): CodeIgniter\CodeIgniter->run()
#7 C:\AppServ\www\codeigniter4\system\Commands\Server\rewrite.php(43): require_once('C:\\AppServ\\www\\...')
#8 {main}
