ERROR - 2022-03-18 09:20:05 --> Unknown column 'slug' in 'where clause'
CRITICAL - 2022-03-18 09:20:05 --> Call to a member function getFirstRow() on bool
#0 C:\AppServ\www\codeigniter4\system\BaseModel.php(622): CodeIgniter\Model->doFirst()
#1 C:\AppServ\www\codeigniter4\app\Models\teacherModel.php(18): CodeIgniter\BaseModel->first()
#2 C:\AppServ\www\codeigniter4\app\Controllers\teacher_info.php(21): App\Models\TeacherModel->getInfo('$1')
#3 C:\AppServ\www\codeigniter4\system\CodeIgniter.php(832): App\Controllers\Teacher_info->view('$1')
#4 C:\AppServ\www\codeigniter4\system\CodeIgniter.php(419): CodeIgniter\CodeIgniter->runController(Object(App\Controllers\Teacher_info))
#5 C:\AppServ\www\codeigniter4\system\CodeIgniter.php(326): CodeIgniter\CodeIgniter->handleRequest(NULL, Object(Config\Cache), false)
#6 C:\AppServ\www\codeigniter4\public\index.php(37): CodeIgniter\CodeIgniter->run()
#7 C:\AppServ\www\codeigniter4\system\Commands\Server\rewrite.php(43): require_once('C:\\AppServ\\www\\...')
#8 {main}
ERROR - 2022-03-18 09:20:58 --> Unknown column 'slug' in 'where clause'
CRITICAL - 2022-03-18 09:20:58 --> Call to a member function getFirstRow() on bool
#0 C:\AppServ\www\codeigniter4\system\BaseModel.php(622): CodeIgniter\Model->doFirst()
#1 C:\AppServ\www\codeigniter4\app\Models\teacherModel.php(18): CodeIgniter\BaseModel->first()
#2 C:\AppServ\www\codeigniter4\app\Controllers\teacher_info.php(21): App\Models\TeacherModel->getInfo('$1')
#3 C:\AppServ\www\codeigniter4\system\CodeIgniter.php(832): App\Controllers\Teacher_info->view('$1')
#4 C:\AppServ\www\codeigniter4\system\CodeIgniter.php(419): CodeIgniter\CodeIgniter->runController(Object(App\Controllers\Teacher_info))
#5 C:\AppServ\www\codeigniter4\system\CodeIgniter.php(326): CodeIgniter\CodeIgniter->handleRequest(NULL, Object(Config\Cache), false)
#6 C:\AppServ\www\codeigniter4\public\index.php(37): CodeIgniter\CodeIgniter->run()
#7 C:\AppServ\www\codeigniter4\system\Commands\Server\rewrite.php(43): require_once('C:\\AppServ\\www\\...')
#8 {main}
ERROR - 2022-03-18 09:21:23 --> Unknown column 'slug' in 'where clause'
CRITICAL - 2022-03-18 09:21:23 --> Call to a member function getFirstRow() on bool
#0 C:\AppServ\www\codeigniter4\system\BaseModel.php(622): CodeIgniter\Model->doFirst()
#1 C:\AppServ\www\codeigniter4\app\Models\teacherModel.php(18): CodeIgniter\BaseModel->first()
#2 C:\AppServ\www\codeigniter4\app\Controllers\teacher_info.php(21): App\Models\TeacherModel->getInfo(NULL)
#3 C:\AppServ\www\codeigniter4\system\CodeIgniter.php(832): App\Controllers\Teacher_info->view()
#4 C:\AppServ\www\codeigniter4\system\CodeIgniter.php(419): CodeIgniter\CodeIgniter->runController(Object(App\Controllers\Teacher_info))
#5 C:\AppServ\www\codeigniter4\system\CodeIgniter.php(326): CodeIgniter\CodeIgniter->handleRequest(NULL, Object(Config\Cache), false)
#6 C:\AppServ\www\codeigniter4\public\index.php(37): CodeIgniter\CodeIgniter->run()
#7 C:\AppServ\www\codeigniter4\system\Commands\Server\rewrite.php(43): require_once('C:\\AppServ\\www\\...')
#8 {main}
ERROR - 2022-03-18 09:22:34 --> Unknown column 'slug' in 'where clause'
CRITICAL - 2022-03-18 09:22:34 --> Call to a member function getFirstRow() on bool
#0 C:\AppServ\www\codeigniter4\system\BaseModel.php(622): CodeIgniter\Model->doFirst()
#1 C:\AppServ\www\codeigniter4\app\Models\teacherModel.php(18): CodeIgniter\BaseModel->first()
#2 C:\AppServ\www\codeigniter4\app\Controllers\teacher_info.php(21): App\Models\TeacherModel->getInfo('$1')
#3 C:\AppServ\www\codeigniter4\system\CodeIgniter.php(832): App\Controllers\Teacher_info->view('$1')
#4 C:\AppServ\www\codeigniter4\system\CodeIgniter.php(419): CodeIgniter\CodeIgniter->runController(Object(App\Controllers\Teacher_info))
#5 C:\AppServ\www\codeigniter4\system\CodeIgniter.php(326): CodeIgniter\CodeIgniter->handleRequest(NULL, Object(Config\Cache), false)
#6 C:\AppServ\www\codeigniter4\public\index.php(37): CodeIgniter\CodeIgniter->run()
#7 C:\AppServ\www\codeigniter4\system\Commands\Server\rewrite.php(43): require_once('C:\\AppServ\\www\\...')
#8 {main}
ERROR - 2022-03-18 09:23:18 --> Unknown column 'slug' in 'where clause'
CRITICAL - 2022-03-18 09:23:18 --> Call to a member function getFirstRow() on bool
#0 C:\AppServ\www\codeigniter4\system\BaseModel.php(622): CodeIgniter\Model->doFirst()
#1 C:\AppServ\www\codeigniter4\app\Models\teacherModel.php(18): CodeIgniter\BaseModel->first()
#2 C:\AppServ\www\codeigniter4\app\Controllers\teacher_info.php(21): App\Models\TeacherModel->getInfo('$1')
#3 C:\AppServ\www\codeigniter4\system\CodeIgniter.php(832): App\Controllers\Teacher_info->view('$1')
#4 C:\AppServ\www\codeigniter4\system\CodeIgniter.php(419): CodeIgniter\CodeIgniter->runController(Object(App\Controllers\Teacher_info))
#5 C:\AppServ\www\codeigniter4\system\CodeIgniter.php(326): CodeIgniter\CodeIgniter->handleRequest(NULL, Object(Config\Cache), false)
#6 C:\AppServ\www\codeigniter4\public\index.php(37): CodeIgniter\CodeIgniter->run()
#7 C:\AppServ\www\codeigniter4\system\Commands\Server\rewrite.php(43): require_once('C:\\AppServ\\www\\...')
#8 {main}
ERROR - 2022-03-18 09:23:20 --> Unknown column 'slug' in 'where clause'
CRITICAL - 2022-03-18 09:23:20 --> Call to a member function getFirstRow() on bool
#0 C:\AppServ\www\codeigniter4\system\BaseModel.php(622): CodeIgniter\Model->doFirst()
#1 C:\AppServ\www\codeigniter4\app\Models\teacherModel.php(18): CodeIgniter\BaseModel->first()
#2 C:\AppServ\www\codeigniter4\app\Controllers\teacher_info.php(21): App\Models\TeacherModel->getInfo('$1')
#3 C:\AppServ\www\codeigniter4\system\CodeIgniter.php(832): App\Controllers\Teacher_info->view('$1')
#4 C:\AppServ\www\codeigniter4\system\CodeIgniter.php(419): CodeIgniter\CodeIgniter->runController(Object(App\Controllers\Teacher_info))
#5 C:\AppServ\www\codeigniter4\system\CodeIgniter.php(326): CodeIgniter\CodeIgniter->handleRequest(NULL, Object(Config\Cache), false)
#6 C:\AppServ\www\codeigniter4\public\index.php(37): CodeIgniter\CodeIgniter->run()
#7 C:\AppServ\www\codeigniter4\system\Commands\Server\rewrite.php(43): require_once('C:\\AppServ\\www\\...')
#8 {main}
ERROR - 2022-03-18 09:24:05 --> Unknown column 'slug' in 'where clause'
CRITICAL - 2022-03-18 09:24:05 --> Call to a member function getFirstRow() on bool
#0 C:\AppServ\www\codeigniter4\system\BaseModel.php(622): CodeIgniter\Model->doFirst()
#1 C:\AppServ\www\codeigniter4\app\Models\teacherModel.php(18): CodeIgniter\BaseModel->first()
#2 C:\AppServ\www\codeigniter4\app\Controllers\teacher_info.php(22): App\Models\TeacherModel->getInfo('$1')
#3 C:\AppServ\www\codeigniter4\system\CodeIgniter.php(832): App\Controllers\Teacher_info->view('$1')
#4 C:\AppServ\www\codeigniter4\system\CodeIgniter.php(419): CodeIgniter\CodeIgniter->runController(Object(App\Controllers\Teacher_info))
#5 C:\AppServ\www\codeigniter4\system\CodeIgniter.php(326): CodeIgniter\CodeIgniter->handleRequest(NULL, Object(Config\Cache), false)
#6 C:\AppServ\www\codeigniter4\public\index.php(37): CodeIgniter\CodeIgniter->run()
#7 C:\AppServ\www\codeigniter4\system\Commands\Server\rewrite.php(43): require_once('C:\\AppServ\\www\\...')
#8 {main}
